Running: fuse.exe -relaunch -intstyle "ise" -incremental -lib "unisims_ver" -lib "unimacro_ver" -lib "xilinxcorelib_ver" -lib "secureip" -o "C:/Users/86181/Desktop/P1/BlockChecker/BlockChecker_tb_isim_beh.exe" -prj "C:/Users/86181/Desktop/P1/BlockChecker/BlockChecker_tb_beh.prj" "work.BlockChecker_tb" "work.glbl" 
ISim P.20131013 (signature 0x8ef4fb42)
Number of CPUs detected in this system: 12
Turning on mult-threading, number of parallel sub-compilation jobs: 24 
Determining compilation order of HDL files
Analyzing Verilog file "C:/Users/86181/Desktop/P1/BlockChecker/BlockChecker.v" into library work
Analyzing Verilog file "C:/Users/86181/Desktop/P1/BlockChecker/BlockChecker_tb.v" into library work
Analyzing Verilog file "D:/school/ISE/14.7/ISE_DS/ISE//verilog/src/glbl.v" into library work
Starting static elaboration
Completed static elaboration
Fuse Memory Usage: 161412 KB
Fuse CPU Usage: 218 ms
Compiling module BlockChecker
Compiling module BlockChecker_tb
Compiling module glbl
Time Resolution for simulation is 1ps.
Compiled 3 Verilog Units
Built simulation executable C:/Users/86181/Desktop/P1/BlockChecker/BlockChecker_tb_isim_beh.exe
Fuse Memory Usage: 167960 KB
Fuse CPU Usage: 218 ms
