Command line:
   guess_tb_isim_beh.exe
     -simmode  gui
     -simrunnum  0
     -socket  60054

Thu Nov 12 22:46:24 2020


 Elaboration Time: 0.03125 sec

 Current Memory Usage: 838.742 Meg

 Total Signals          : 22
 Total Nets             : 28
 Total Signal Drivers   : 13
 Total Blocks           : 3
 Total Primitive Blocks : 2
 Total Processes        : 16
 Total Traceable Variables  : 27
 Total Scalar Nets and Variables : 184
Total Line Count : 45

 Total Simulation Time: 0.03125 sec

 Current Memory Usage: 366.096 Meg

Thu Nov 12 22:59:15 2020

