ISim log file
Running: C:\Users\86181\Desktop\P4 excericise1\mipsCPU\mips_tb_isim_beh.exe -intstyle ise -gui -tclbatch isim.cmd -wdb C:/Users/86181/Desktop/P4 excericise1/mipsCPU/mips_tb_isim_beh.wdb 
ISim P.20131013 (signature 0x8ef4fb42)
WARNING: A WEBPACK license was found.
WARNING: Please use Xilinx License Configuration Manager to check out a full ISim license.
WARNING: ISim will run in Lite mode. Please refer to the ISim documentation for more information on the differences between the Lite and the Full version.
This is a Lite version of ISim.
Time resolution is 1 ps
# onerror resume
# wave add /
# run 1000 ns
Simulator is doing circuit initialization process.
Finished circuit initialization process.
@00003000: $ 9 <= 00000004
@00003004: $10 <= 0000000c
@00003008: $12 <= 0000000d
@0000300c: $11 <= 00000001
@00003010: $31 <= 00003014
@00003014: $ 9 <= 00000005
@00003018: $31 <= 0000301c
@0000301c: $10 <= 0000000d
@0000301c: $10 <= 0000000e
@0000301c: $10 <= 0000000f
@0000301c: $10 <= 00000010
@0000301c: $10 <= 00000011
@0000301c: $10 <= 00000012
@0000301c: $10 <= 00000013
@0000301c: $10 <= 00000014
@0000301c: $10 <= 00000015
@0000301c: $10 <= 00000016
@0000301c: $10 <= 00000017
@0000301c: $10 <= 00000018
@0000301c: $10 <= 00000019
@0000301c: $10 <= 0000001a
@0000301c: $10 <= 0000001b
@0000301c: $10 <= 0000001c
@0000301c: $10 <= 0000001d
@0000301c: $10 <= 0000001e
@0000301c: $10 <= 0000001f
@0000301c: $10 <= 00000020
@0000301c: $10 <= 00000021
@0000301c: $10 <= 00000022
@0000301c: $10 <= 00000023
@0000301c: $10 <= 00000024
@0000301c: $10 <= 00000025
@0000301c: $10 <= 00000026
@0000301c: $10 <= 00000027
@0000301c: $10 <= 00000028
@0000301c: $10 <= 00000029
@0000301c: $10 <= 0000002a
@0000301c: $10 <= 0000002b
