Command line:
   mips.exe
     -simmode  tcl
     -simrunnum  0
     -socket  49741

Wed Dec 30 23:37:47 2020


 Elaboration Time: 0.03125 sec

 Current Memory Usage: 5169.02 Meg

 Total Signals          : 878
 Total Nets             : 3607
 Total Signal Drivers   : 541
 Total Blocks           : 31
 Total Primitive Blocks : 24
 Total Processes        : 564
 Total Traceable Variables  : 65
 Total Scalar Nets and Variables : 268134
Total Line Count : 0

 Total Simulation Time: 9.35938 sec

 Current Memory Usage: 5169.02 Meg

Wed Dec 30 23:37:57 2020

