Command line:
   dc_isim_beh.exe
     -simmode  gui
     -simrunnum  0
     -socket  50746

Sun Dec 06 11:05:55 2020


 Elaboration Time: 0.03125 sec

 Current Memory Usage: 839.717 Meg

 Total Signals          : 21
 Total Nets             : 114
 Total Signal Drivers   : 12
 Total Blocks           : 2
 Total Primitive Blocks : 2
 Total Processes        : 13
 Total Traceable Variables  : 18
 Total Scalar Nets and Variables : 194
Total Line Count : 21

 Total Simulation Time: 0.046875 sec

 Current Memory Usage: 839.717 Meg

Sun Dec 06 11:05:58 2020

