Command line:
   splitter_tb_isim_beh.exe
     -simmode  gui
     -simrunnum  1
     -socket  55816

Sun Oct 25 13:51:52 2020


 Elaboration Time: 0.03125 sec

 Current Memory Usage: 834.99 Meg

 Total Signals          : 22
 Total Nets             : 77
 Total Signal Drivers   : 10
 Total Blocks           : 3
 Total Primitive Blocks : 2
 Total Processes        : 12
 Total Traceable Variables  : 19
 Total Scalar Nets and Variables : 189
Total Line Count : 21

 Total Simulation Time: 0.03125 sec

 Current Memory Usage: 834.99 Meg

Sun Oct 25 13:52:03 2020


