Running: D:\school\ISE\14.7\ISE_DS\ISE\bin\nt\unwrapped\fuse.exe -intstyle ise -incremental -lib unisims_ver -lib unimacro_ver -lib xilinxcorelib_ver -lib secureip -o C:/Users/86181/Desktop/P4/mipsCPU/mips_tb_isim_beh.exe -prj C:/Users/86181/Desktop/P4/mipsCPU/mips_tb_beh.prj mips_tb work.glbl 
ISim P.20131013 (signature 0x8ef4fb42)
Number of CPUs detected in this system: 12
Turning on mult-threading, number of parallel sub-compilation jobs: 24 
Determining compilation order of HDL files
Analyzing Verilog file "C:/Users/86181/Desktop/P4/mipsCPU/mux.v" into library work
Analyzing Verilog file "C:/Users/86181/Desktop/P4/mipsCPU/IFU.v" into library work
Analyzing Verilog file "C:/Users/86181/Desktop/P4/mipsCPU/grf.v" into library work
Analyzing Verilog file "C:/Users/86181/Desktop/P4/mipsCPU/ext.v" into library work
Analyzing Verilog file "C:/Users/86181/Desktop/P4/mipsCPU/dm.v" into library work
Analyzing Verilog file "C:/Users/86181/Desktop/P4/mipsCPU/dc.v" into library work
Analyzing Verilog file "C:/Users/86181/Desktop/P4/mipsCPU/controller.v" into library work
Analyzing Verilog file "C:/Users/86181/Desktop/P4/mipsCPU/alu.v" into library work
Analyzing Verilog file "C:/Users/86181/Desktop/P4/mipsCPU/mips.v" into library work
Analyzing Verilog file "C:/Users/86181/Desktop/P4/mipsCPU/mips_tb.v" into library work
Analyzing Verilog file "D:/school/ISE/14.7/ISE_DS/ISE//verilog/src/glbl.v" into library work
Starting static elaboration
Completed static elaboration
Fuse Memory Usage: 161028 KB
Fuse CPU Usage: 186 ms
Compiling module controller
Compiling module dc
Compiling module ifu
Compiling module grf
Compiling module mux3
Compiling module mux4
Compiling module ext
Compiling module mux2
Compiling module alu
Compiling module dm
Compiling module mips
Compiling module mips_tb
Compiling module glbl
Time Resolution for simulation is 1ps.
Compiled 13 Verilog Units
Built simulation executable C:/Users/86181/Desktop/P4/mipsCPU/mips_tb_isim_beh.exe
Fuse Memory Usage: 168764 KB
Fuse CPU Usage: 343 ms
