ISim log file
Running: C:\Users\86181\Desktop\P4\mipsCPU\mips_tb_isim_beh.exe -intstyle ise -gui -tclbatch isim.cmd -wdb C:/Users/86181/Desktop/P4/mipsCPU/mips_tb_isim_beh.wdb 
ISim P.20131013 (signature 0x8ef4fb42)
WARNING: A WEBPACK license was found.
WARNING: Please use Xilinx License Configuration Manager to check out a full ISim license.
WARNING: ISim will run in Lite mode. Please refer to the ISim documentation for more information on the differences between the Lite and the Full version.
This is a Lite version of ISim.
Time resolution is 1 ps
# onerror resume
# wave add /
# run 1000 ns
Simulator is doing circuit initialization process.
Finished circuit initialization process.
@00003000: $ 8 <= 00000007
@00003004: $ 9 <= 0000000f
@00003008: $11 <= 00000004
@0000300c: $13 <= 00000001
@00003014: $14 <= 00000001
@00003028: $ 9 <= 0000000e
@0000302c: $10 <= 00000007
@00003030: $12 <= 00000000
@00003034: *00000004 <= 0000000e
@00003038: $31 <= 0000303c
@00003044: $16 <= 00010000
@0000303c: $16 <= 00010001
@00003040: $16 <= 00010000
@00003044: $16 <= 00010000
@0000303c: $16 <= 00010001
@00003040: $16 <= 00010000
@00003044: $16 <= 00010000
@0000303c: $16 <= 00010001
@00003040: $16 <= 00010000
@00003044: $16 <= 00010000
@0000303c: $16 <= 00010001
@00003040: $16 <= 00010000
@00003044: $16 <= 00010000
@0000303c: $16 <= 00010001
@00003040: $16 <= 00010000
@00003044: $16 <= 00010000
@0000303c: $16 <= 00010001
@00003040: $16 <= 00010000
@00003044: $16 <= 00010000
@0000303c: $16 <= 00010001
@00003040: $16 <= 00010000
@00003044: $16 <= 00010000
@0000303c: $16 <= 00010001
@00003040: $16 <= 00010000
@00003044: $16 <= 00010000
@0000303c: $16 <= 00010001
@00003040: $16 <= 00010000
@00003044: $16 <= 00010000
@0000303c: $16 <= 00010001
@00003040: $16 <= 00010000
@00003044: $16 <= 00010000
@0000303c: $16 <= 00010001
@00003040: $16 <= 00010000
@00003044: $16 <= 00010000
@0000303c: $16 <= 00010001
@00003040: $16 <= 00010000
@00003044: $16 <= 00010000
@0000303c: $16 <= 00010001
@00003040: $16 <= 00010000
@00003044: $16 <= 00010000
@0000303c: $16 <= 00010001
@00003040: $16 <= 00010000
@00003044: $16 <= 00010000
@0000303c: $16 <= 00010001
@00003040: $16 <= 00010000
@00003044: $16 <= 00010000
@0000303c: $16 <= 00010001
@00003040: $16 <= 00010000
@00003044: $16 <= 00010000
@0000303c: $16 <= 00010001
@00003040: $16 <= 00010000
@00003044: $16 <= 00010000
@0000303c: $16 <= 00010001
@00003040: $16 <= 00010000
@00003044: $16 <= 00010000
@0000303c: $16 <= 00010001
@00003040: $16 <= 00010000
@00003044: $16 <= 00010000
@0000303c: $16 <= 00010001
@00003040: $16 <= 00010000
@00003044: $16 <= 00010000
@0000303c: $16 <= 00010001
@00003040: $16 <= 00010000
@00003044: $16 <= 00010000
@0000303c: $16 <= 00010001
@00003040: $16 <= 00010000
