Running: fuse.exe -relaunch -intstyle "ise" -incremental -lib "unisims_ver" -lib "unimacro_ver" -lib "xilinxcorelib_ver" -lib "secureip" -o "C:/Users/86181/Desktop/P1re/tri/trist1_tb_isim_beh.exe" -prj "C:/Users/86181/Desktop/P1re/tri/trist1_tb_beh.prj" "work.trist1_tb" "work.glbl" 
ISim P.20131013 (signature 0x8ef4fb42)
Number of CPUs detected in this system: 12
Turning on mult-threading, number of parallel sub-compilation jobs: 24 
Determining compilation order of HDL files
Analyzing Verilog file "C:/Users/86181/Desktop/P1re/tri/trist1.v" into library work
Analyzing Verilog file "C:/Users/86181/Desktop/P1re/tri/trist1_tb.v" into library work
Analyzing Verilog file "D:/school/ISE/14.7/ISE_DS/ISE//verilog/src/glbl.v" into library work
Starting static elaboration
Completed static elaboration
Fuse Memory Usage: 160964 KB
Fuse CPU Usage: 171 ms
Compiling module mytri
Compiling module trist1
Compiling module trist1_tb
Compiling module glbl
Time Resolution for simulation is 1ps.
Compiled 4 Verilog Units
Built simulation executable C:/Users/86181/Desktop/P1re/tri/trist1_tb_isim_beh.exe
Fuse Memory Usage: 167512 KB
Fuse CPU Usage: 202 ms
