Command line:
   BlockChecker_tb_isim_beh.exe
     -simmode  gui
     -simrunnum  0
     -socket  54312

Mon Oct 26 20:15:58 2020


 Elaboration Time: 0.03125 sec

 Current Memory Usage: 834.511 Meg

 Total Signals          : 18
 Total Nets             : 24
 Total Signal Drivers   : 9
 Total Blocks           : 3
 Total Primitive Blocks : 2
 Total Processes        : 13
 Total Traceable Variables  : 24
 Total Scalar Nets and Variables : 210
Total Line Count : 239

 Total Simulation Time: 0.03125 sec

 Current Memory Usage: 678.011 Meg

Mon Oct 26 20:17:17 2020

