Command line:
   mips_tb_isim_beh.exe
     -simmode  gui
     -simrunnum  0
     -socket  63470

Sat Dec 12 00:08:04 2020


 Elaboration Time: 0.03125 sec

 Current Memory Usage: 834.9 Meg

 Total Signals          : 144
 Total Nets             : 618
 Total Signal Drivers   : 61
 Total Blocks           : 13
 Total Primitive Blocks : 11
 Total Processes        : 72
 Total Traceable Variables  : 31
 Total Scalar Nets and Variables : 67516
Total Line Count : 117

 Total Simulation Time: 0.03125 sec

 Current Memory Usage: 834.9 Meg

Sat Dec 12 00:08:08 2020

