Command line:
   BlockChecker_tb_isim_beh.exe
     -simmode  gui
     -simrunnum  0
     -socket  57881

Thu Nov 05 21:01:38 2020


 Elaboration Time: 0.046875 sec

 Current Memory Usage: 836.133 Meg

 Total Signals          : 18
 Total Nets             : 24
 Total Signal Drivers   : 9
 Total Blocks           : 3
 Total Primitive Blocks : 2
 Total Processes        : 13
 Total Traceable Variables  : 24
 Total Scalar Nets and Variables : 210
Total Line Count : 212

 Total Simulation Time: 0.0625 sec

 Current Memory Usage: 363.487 Meg

Thu Nov 05 21:32:46 2020

