Command line:
   EXT_tb_isim_beh.exe
     -simmode  gui
     -simrunnum  0
     -socket  54384

Thu Nov 05 18:16:27 2020


 Elaboration Time: 0.03125 sec

 Current Memory Usage: 834.818 Meg

 Total Signals          : 17
 Total Nets             : 63
 Total Signal Drivers   : 8
 Total Blocks           : 3
 Total Primitive Blocks : 2
 Total Processes        : 10
 Total Traceable Variables  : 20
 Total Scalar Nets and Variables : 161
Total Line Count : 19

 Total Simulation Time: 0.03125 sec

 Current Memory Usage: 834.818 Meg

Thu Nov 05 18:16:55 2020

