Command line:
   display_tb_isim_beh.exe
     -simmode  gui
     -simrunnum  0
     -socket  51977

Thu Nov 12 21:03:23 2020


 Elaboration Time: 0.03125 sec

 Current Memory Usage: 834.613 Meg

 Total Signals          : 14
 Total Nets             : 14
 Total Signal Drivers   : 6
 Total Blocks           : 3
 Total Primitive Blocks : 2
 Total Processes        : 9
 Total Traceable Variables  : 19
 Total Scalar Nets and Variables : 95
Total Line Count : 22

 Total Simulation Time: 0.03125 sec

 Current Memory Usage: 361.968 Meg

Thu Nov 12 21:37:40 2020

