Command line:
   emailcheck_tb_isim_beh.exe
     -simmode  gui
     -simrunnum  0
     -socket  61030

Fri Nov 13 23:27:11 2020


 Elaboration Time: 0.03125 sec

 Current Memory Usage: 834.232 Meg

 Total Signals          : 18
 Total Nets             : 24
 Total Signal Drivers   : 9
 Total Blocks           : 3
 Total Primitive Blocks : 2
 Total Processes        : 14
 Total Traceable Variables  : 24
 Total Scalar Nets and Variables : 1202
Total Line Count : 69

 Total Simulation Time: 0.03125 sec

 Current Memory Usage: 835.281 Meg

Fri Nov 13 23:27:28 2020

