Command line:
   tb_isim_beh.exe
     -simmode  gui
     -simrunnum  0
     -socket  64895

Thu Nov 05 19:57:48 2020


 Elaboration Time: 0.046875 sec

 Current Memory Usage: 839.524 Meg

 Total Signals          : 17
 Total Nets             : 23
 Total Signal Drivers   : 8
 Total Blocks           : 3
 Total Primitive Blocks : 2
 Total Processes        : 12
 Total Traceable Variables  : 21
 Total Scalar Nets and Variables : 144
Total Line Count : 44

 Total Simulation Time: 0.078125 sec

 Current Memory Usage: 1154.62 Meg

Thu Nov 05 19:58:30 2020

