Command line:
   tb_isim_beh.exe
     -simmode  gui
     -simrunnum  0
     -socket  51841

Fri Nov 06 15:05:48 2020


 Elaboration Time: 0.03125 sec

 Current Memory Usage: 838.771 Meg

 Total Signals          : 18
 Total Nets             : 24
 Total Signal Drivers   : 9
 Total Blocks           : 3
 Total Primitive Blocks : 2
 Total Processes        : 13
 Total Traceable Variables  : 26
 Total Scalar Nets and Variables : 274
Total Line Count : 135

 Total Simulation Time: 0.109375 sec

 Current Memory Usage: 366.125 Meg

Fri Nov 06 15:12:43 2020

