Command line:
   mips_tb_isim_beh.exe
     -simmode  gui
     -simrunnum  0
     -socket  64796

Wed Dec 09 23:14:01 2020


 Elaboration Time: 0.0625 sec

 Current Memory Usage: 834.9 Meg

 Total Signals          : 143
 Total Nets             : 616
 Total Signal Drivers   : 60
 Total Blocks           : 13
 Total Primitive Blocks : 11
 Total Processes        : 72
 Total Traceable Variables  : 35
 Total Scalar Nets and Variables : 67642
Total Line Count : 129

 Total Simulation Time: 0.078125 sec

 Current Memory Usage: 834.9 Meg

Wed Dec 09 23:14:15 2020

