Command line:
   display_isim_beh.exe
     -simmode  gui
     -simrunnum  0
     -socket  51718

Thu Nov 12 21:01:44 2020


 Elaboration Time: 0.03125 sec

 Current Memory Usage: 835.121 Meg

 Total Signals          : 14
 Total Nets             : 14
 Total Signal Drivers   : 5
 Total Blocks           : 2
 Total Primitive Blocks : 2
 Total Processes        : 7
 Total Traceable Variables  : 18
 Total Scalar Nets and Variables : 94
Total Line Count : 19

 Total Simulation Time: 0.046875 sec

 Current Memory Usage: 835.121 Meg

Thu Nov 12 21:01:53 2020

