Command line:
   alu_tb_isim_beh.exe
     -simmode  gui
     -simrunnum  0
     -socket  62996

Sun Oct 25 14:30:16 2020


 Elaboration Time: 0.03125 sec

 Current Memory Usage: 834.949 Meg

 Total Signals          : 18
 Total Nets             : 112
 Total Signal Drivers   : 9
 Total Blocks           : 3
 Total Primitive Blocks : 2
 Total Processes        : 11
 Total Traceable Variables  : 21
 Total Scalar Nets and Variables : 259
Total Line Count : 20

 Total Simulation Time: 0.0625 sec

 Current Memory Usage: 362.303 Meg

Sun Oct 25 14:36:19 2020

