Command line:
   vote_isim_beh.exe
     -simmode  gui
     -simrunnum  0
     -socket  56889

Fri Nov 06 00:02:53 2020


 Elaboration Time: 0.03125 sec

 Current Memory Usage: 838.799 Meg

 Total Signals          : 17
 Total Nets             : 55
 Total Signal Drivers   : 6
 Total Blocks           : 2
 Total Primitive Blocks : 2
 Total Processes        : 8
 Total Traceable Variables  : 20
 Total Scalar Nets and Variables : 199
Total Line Count : 22

 Total Simulation Time: 0.03125 sec

 Current Memory Usage: 839.848 Meg

Fri Nov 06 00:03:00 2020

