Command line:
   gray_tb_isim_beh.exe
     -simmode  gui
     -simrunnum  0
     -socket  49966

Thu Nov 05 19:29:50 2020


 Elaboration Time: 0.03125 sec

 Current Memory Usage: 834.814 Meg

 Total Signals          : 19
 Total Nets             : 20
 Total Signal Drivers   : 10
 Total Blocks           : 3
 Total Primitive Blocks : 2
 Total Processes        : 15
 Total Traceable Variables  : 23
 Total Scalar Nets and Variables : 107
Total Line Count : 34

 Total Simulation Time: 0.03125 sec

 Current Memory Usage: 362.168 Meg

Thu Nov 05 19:53:40 2020

