Command line:
   compare_tb_isim_beh.exe
     -simmode  gui
     -simrunnum  0
     -socket  57711

Thu Oct 29 21:22:43 2020


 Elaboration Time: 0.03125 sec

 Current Memory Usage: 834.224 Meg

 Total Signals          : 16
 Total Nets             : 20
 Total Signal Drivers   : 8
 Total Blocks           : 3
 Total Primitive Blocks : 2
 Total Processes        : 11
 Total Traceable Variables  : 21
 Total Scalar Nets and Variables : 107
Total Line Count : 32

 Total Simulation Time: 0.03125 sec

 Current Memory Usage: 835.273 Meg

Thu Oct 29 21:22:53 2020

