Command line:
   string_tb_isim_beh.exe
     -simmode  gui
     -simrunnum  0
     -socket  56001

Thu Nov 05 20:18:40 2020


 Elaboration Time: 0.03125 sec

 Current Memory Usage: 834.486 Meg

 Total Signals          : 18
 Total Nets             : 24
 Total Signal Drivers   : 9
 Total Blocks           : 3
 Total Primitive Blocks : 2
 Total Processes        : 14
 Total Traceable Variables  : 22
 Total Scalar Nets and Variables : 116
Total Line Count : 54

 Total Simulation Time: 0.03125 sec

 Current Memory Usage: 834.486 Meg

Thu Nov 05 20:19:01 2020

