Command line:
   countone_tb_isim_beh.exe
     -simmode  gui
     -simrunnum  0
     -socket  50444

Thu Nov 12 22:07:19 2020


 Elaboration Time: 0.015625 sec

 Current Memory Usage: 834.81 Meg

 Total Signals          : 16
 Total Nets             : 22
 Total Signal Drivers   : 7
 Total Blocks           : 4
 Total Primitive Blocks : 2
 Total Processes        : 10
 Total Traceable Variables  : 22
 Total Scalar Nets and Variables : 204
Total Line Count : 27

 Total Simulation Time: 0.046875 sec

 Current Memory Usage: 362.164 Meg

Thu Nov 12 22:38:45 2020

