Command line:
   string_isim_beh.exe
     -simmode  gui
     -simrunnum  0
     -socket  60926

Thu Nov 05 20:16:01 2020


 Elaboration Time: 0.03125 sec

 Current Memory Usage: 835.33 Meg

 Total Signals          : 17
 Total Nets             : 24
 Total Signal Drivers   : 6
 Total Blocks           : 2
 Total Primitive Blocks : 2
 Total Processes        : 9
 Total Traceable Variables  : 19
 Total Scalar Nets and Variables : 106
Total Line Count : 34

 Total Simulation Time: 0.03125 sec

 Current Memory Usage: 836.379 Meg

Thu Nov 05 20:16:04 2020

